2026-03-29 18:54:41,295 - INFO - 游戏数据恢复工具启动
2026-03-29 18:54:41,297 - WARNING - 游戏数据文件不存在
2026-03-29 18:54:41,297 - WARNING - 数据不完整，尝试恢复
2026-03-29 18:54:41,298 - WARNING - 没有可用的备份文件
2026-03-29 18:54:41,328 - INFO - 恢复到初始数据
2026-03-29 18:54:41,378 - INFO - 创建备份: game_data\backups\game_data_20260329_185441.json
2026-03-29 18:55:06,026 - INFO - 创建备份: game_data\backups\game_data_20260329_185505.json
2026-03-29 18:55:06,093 - ERROR - 数据完整性检查失败: Expecting value: line 1 column 1 (char 0)
2026-03-29 18:55:06,132 - INFO - 从备份恢复数据: game_data\backups\game_data_20260329_185441.json
2026-03-29 18:55:06,170 - INFO - 恢复到初始数据
2026-03-29 18:55:21,914 - INFO - 创建备份: game_data\backups\game_data_20260329_185521.json
2026-03-29 18:55:21,953 - ERROR - 数据完整性检查失败: Expecting value: line 1 column 1 (char 0)
2026-03-29 18:55:21,992 - INFO - 从备份恢复数据: game_data\backups\game_data_20260329_185521.json
2026-03-29 18:55:22,030 - INFO - 恢复到初始数据
2026-03-29 18:57:12,570 - INFO - 游戏数据恢复工具启动
2026-03-29 18:57:12,572 - ERROR - 数据完整性检查失败: Expecting value: line 1 column 1 (char 0)
2026-03-29 18:57:12,572 - WARNING - 数据不完整，尝试恢复
2026-03-29 18:57:12,578 - INFO - 从备份恢复数据: game_data\backups\game_data_20260329_185521.json
2026-03-29 18:57:12,583 - INFO - 创建备份: game_data\backups\game_data_20260329_185712.json
2026-03-29 18:57:12,586 - ERROR - 数据完整性检查失败: Expecting value: line 1 column 1 (char 0)
2026-03-29 18:57:12,587 - WARNING - 数据损坏，尝试恢复
2026-03-29 18:57:12,591 - INFO - 从备份恢复数据: game_data\backups\game_data_20260329_185521.json
2026-03-29 18:58:32,531 - INFO - 游戏数据恢复工具启动
2026-03-29 18:58:32,846 - INFO - 创建备份: game_data\backups\game_data_20260329_185832.json
2026-03-29 18:59:34,271 - INFO - 游戏数据恢复工具启动
2026-03-29 18:59:34,273 - ERROR - 数据完整性检查失败: Expecting value: line 1 column 1 (char 0)
2026-03-29 18:59:34,274 - WARNING - 数据不完整，尝试恢复
2026-03-29 18:59:34,279 - INFO - 从备份恢复数据: game_data\backups\game_data_20260329_185832.json
2026-03-29 18:59:34,283 - INFO - 创建备份: game_data\backups\game_data_20260329_185934.json
2026-03-29 18:59:34,285 - ERROR - 数据完整性检查失败: Expecting value: line 1 column 1 (char 0)
2026-03-29 18:59:34,286 - WARNING - 数据损坏，尝试恢复
2026-03-29 18:59:34,288 - INFO - 从备份恢复数据: game_data\backups\game_data_20260329_185832.json
2026-03-29 19:11:31,142 - WARNING - 游戏数据文件不存在
2026-03-29 19:11:49,087 - INFO - 恢复到初始数据
2026-03-29 19:12:00,017 - INFO - 创建备份: game_data\backups\game_data_20260329_191159.json 
2026-03-29 19:12:07,373 - INFO - 游戏数据恢复工具启动
2026-03-29 19:12:07,401 - INFO - 创建备份: game_data\backups\game_data_20260329_191207.json
2026-03-29 19:12:10,544 - INFO - 游戏数据恢复工具停止
2026-03-29 19:12:21,763 - ERROR - 数据格式错误: Expecting value: line 1 column 1 (char 0)
2026-03-29 19:12:31,784 - ERROR - 备份文件损坏: Extra data: line 1 column 4 (char 3)
2026-03-29 19:12:43,434 - INFO - 恢复到初始数据
2026-03-29 19:12:53,618 - INFO - 游戏数据恢复工具启动
2026-03-29 19:12:53,619 - INFO - 开始自动监控模式，备份间隔: 30秒，最大备份数: 5
2026-03-29 19:12:53,649 - INFO - 创建备份: game_data\backups\game_data_20260329_191253.json 
2026-03-29 19:13:53,704 - INFO - 创建备份: game_data\backups\game_data_20260329_191353.json 
2026-03-29 19:14:53,759 - INFO - 创建备份: game_data\backups\game_data_20260329_191453.json 
2026-03-29 19:15:54,082 - INFO - 创建备份: game_data\backups\game_data_20260329_191553.json 
2026-03-29 19:15:54,084 - INFO - 删除旧备份: game_data\backups\game_data_20260329_191159.json
2026-03-29 19:16:54,408 - INFO - 创建备份: game_data\backups\game_data_20260329_191654.json 
2026-03-29 19:16:54,411 - INFO - 删除旧备份: game_data\backups\game_data_20260329_191207.json
2026-03-29 19:17:54,728 - INFO - 创建备份: game_data\backups\game_data_20260329_191754.json 
2026-03-29 19:17:54,730 - INFO - 删除旧备份: game_data\backups\game_data_20260329_191754.json
2026-03-29 19:18:55,049 - INFO - 创建备份: game_data\backups\game_data_20260329_191854.json 
2026-03-29 19:18:55,052 - INFO - 删除旧备份: game_data\backups\game_data_20260329_191854.json
2026-03-29 19:19:55,370 - INFO - 创建备份: game_data\backups\game_data_20260329_191955.json 
2026-03-29 19:19:55,373 - INFO - 删除旧备份: game_data\backups\game_data_20260329_191955.json
2026-03-29 19:20:55,693 - INFO - 创建备份: game_data\backups\game_data_20260329_192055.json 
2026-03-29 19:20:55,695 - INFO - 删除旧备份: game_data\backups\game_data_20260329_192055.json
2026-03-29 19:21:55,786 - INFO - 创建备份: game_data\backups\game_data_20260329_192155.json 
2026-03-29 19:21:55,788 - INFO - 删除旧备份: game_data\backups\game_data_20260329_192155.json
2026-03-29 19:22:56,107 - INFO - 创建备份: game_data\backups\game_data_20260329_192255.json 
2026-03-29 19:22:56,109 - INFO - 删除旧备份: game_data\backups\game_data_20260329_192255.json
2026-03-29 19:23:56,157 - INFO - 创建备份: game_data\backups\game_data_20260329_192356.json 
2026-03-29 19:23:56,160 - INFO - 删除旧备份: game_data\backups\game_data_20260329_192356.json
2026-03-29 19:24:22,206 - INFO - 创建文件包: .\game_backup_20260329_192422.zip
2026-03-29 19:24:22,232 - INFO - 创建文件包: game_data\backups\game_backup_20260329_192422.zip
2026-03-29 19:24:56,209 - INFO - 创建备份: game_data\backups\game_data_20260329_192456.json 
2026-03-29 19:24:56,210 - INFO - 删除旧备份: game_data\backups\game_data_20260329_192456.json
2026-03-29 19:25:12,756 - INFO - 创建文件包: .\game_backup_20260329_192512.zip
2026-03-29 19:25:12,783 - INFO - 创建文件包: game_data\backups\game_backup_20260329_192512.zip
2026-03-29 19:25:56,216 - INFO - 创建备份: game_data\backups\game_data_20260329_192556.json 
2026-03-29 19:25:56,218 - INFO - 删除旧备份: game_data\backups\game_data_20260329_192556.json
2026-03-29 19:25:56,219 - ERROR - 数据格式错误: Expecting value: line 1 column 1 (char 0)
2026-03-29 19:25:56,220 - WARNING - 数据损坏，尝试恢复
2026-03-29 19:25:56,221 - ERROR - 备份文件损坏: Extra data: line 1 column 2 (char 1)
2026-03-29 19:25:56,224 - INFO - 恢复到初始数据
2026-03-29 19:26:15,164 - INFO - 游戏数据恢复工具启动
2026-03-29 19:26:15,353 - INFO - 创建备份: game_data\backups\game_data_20260329_192615.json
2026-03-29 19:26:56,233 - INFO - 创建备份: game_data\backups\game_data_20260329_192656.json 
2026-03-29 19:26:56,236 - INFO - 删除旧备份: game_data\backups\game_data_20260329_191353.json
2026-03-29 19:26:56,238 - INFO - 删除旧备份: game_data\backups\game_data_20260329_191253.json
2026-03-29 19:27:48,278 - INFO - 游戏数据恢复工具启动
2026-03-29 19:27:48,280 - INFO - 开始自动监控模式，备份间隔: 3600秒，最大备份数: 10
2026-03-29 19:27:48,284 - INFO - 创建备份: game_data\backups\game_data_20260329_192748.json 
2026-03-29 19:27:56,246 - INFO - 创建备份: game_data\backups\game_data_20260329_192756.json 
2026-03-29 19:27:56,250 - INFO - 删除旧备份: game_data\backups\game_data_20260329_191553.json
2026-03-29 19:27:56,252 - INFO - 删除旧备份: game_data\backups\game_data_20260329_191453.json
2026-03-29 19:28:56,258 - INFO - 创建备份: game_data\backups\game_data_20260329_192856.json 
2026-03-29 19:28:56,261 - INFO - 删除旧备份: game_data\backups\game_data_20260329_191654.json
2026-03-29 19:29:56,270 - INFO - 创建备份: game_data\backups\game_data_20260329_192956.json 
2026-03-29 19:29:56,273 - INFO - 删除旧备份: game_data\backups\game_data_20260329_192956.json
2026-03-29 19:30:56,280 - INFO - 创建备份: game_data\backups\game_data_20260329_193056.json 
2026-03-29 19:30:56,283 - INFO - 删除旧备份: game_data\backups\game_data_20260329_193056.json
2026-03-29 19:31:42,306 - ERROR - 从压缩包恢复失败: File is not a zip file
2026-03-29 19:31:54,841 - INFO - 恢复到初始数据
2026-03-29 19:31:57,322 - INFO - 创建备份: game_data\backups\game_data_20260329_193156.json 
2026-03-29 19:31:57,325 - INFO - 删除旧备份: game_data\backups\game_data_20260329_192615.json
2026-03-29 19:32:05,106 - INFO - 创建文件包: .\game_backup_20260329_193204.zip
2026-03-29 19:32:05,137 - INFO - 创建文件包: game_data\backups\game_backup_20260329_193204.zip
2026-03-29 19:32:38,687 - ERROR - 从压缩包恢复失败: File is not a zip file
2026-03-29 19:32:49,117 - INFO - 恢复到初始数据
2026-03-29 19:32:58,443 - INFO - 创建备份: game_data\backups\game_data_20260329_193257.json 
2026-03-29 19:32:58,447 - INFO - 删除旧备份: game_data\backups\game_data_20260329_192656.json
2026-03-29 19:33:00,680 - INFO - 创建文件包: .\game_backup_20260329_193300.zip
2026-03-29 19:33:00,734 - INFO - 创建文件包: game_data\backups\game_backup_20260329_193300.zip
2026-03-29 19:33:58,458 - INFO - 创建备份: game_data\backups\game_data_20260329_193358.json 
2026-03-29 19:33:58,465 - INFO - 删除旧备份: game_data\backups\game_data_20260329_192756.json
2026-03-29 19:33:58,472 - INFO - 删除旧备份: game_data\backups\game_data_20260329_192748.json
2026-03-29 19:34:58,482 - INFO - 创建备份: game_data\backups\game_data_20260329_193458.json 
2026-03-29 19:34:58,484 - INFO - 删除旧备份: game_data\backups\game_data_backup_20260329_193410.json
2026-03-29 19:34:58,486 - INFO - 删除旧备份: game_data\backups\game_data_20260329_193358.json
2026-03-29 19:34:58,487 - INFO - 删除旧备份: game_data\backups\game_data_20260329_193257.json
2026-03-29 19:34:58,489 - INFO - 删除旧备份: game_data\backups\game_data_20260329_193156.json
2026-03-29 19:34:58,490 - INFO - 删除旧备份: game_data\backups\game_data_20260329_192856.json
2026-03-29 19:35:58,491 - WARNING - 游戏数据文件不存在，跳过备份
2026-03-29 19:35:58,492 - WARNING - 游戏数据文件不存在
2026-03-29 19:35:58,492 - WARNING - 数据损坏，尝试恢复
2026-03-29 19:35:58,493 - ERROR - 恢复数据失败: [WinError 3] 系统找不到指定的路径。: 'game_data\\backups'
2026-03-29 19:35:58,496 - ERROR - 恢复初始数据失败: [Errno 2] No such file or directory: 'game_data\\game_data.json'
2026-03-29 19:36:14,363 - INFO - 从压缩包恢复数据: safe_backup\game_backup_20260329_193300.zip
2026-03-29 19:36:58,497 - WARNING - 游戏数据文件不存在，跳过备份
2026-03-29 19:36:58,498 - WARNING - 游戏数据文件不存在
2026-03-29 19:36:58,498 - WARNING - 数据损坏，尝试恢复
2026-03-29 19:36:58,499 - ERROR - 恢复数据失败: [WinError 3] 系统找不到指定的路径。: 'game_data\\backups'
2026-03-29 19:36:58,501 - ERROR - 恢复初始数据失败: [Errno 2] No such file or directory: 'game_data\\game_data.json'
2026-03-29 19:37:58,503 - WARNING - 游戏数据文件不存在，跳过备份
2026-03-29 19:37:58,504 - WARNING - 游戏数据文件不存在
2026-03-29 19:37:58,505 - WARNING - 数据损坏，尝试恢复
2026-03-29 19:37:58,506 - ERROR - 恢复数据失败: [WinError 3] 系统找不到指定的路径。: 'game_data\\backups'
2026-03-29 19:37:58,508 - ERROR - 恢复初始数据失败: [Errno 2] No such file or directory: 'game_data\\game_data.json'
2026-03-29 19:38:58,510 - WARNING - 游戏数据文件不存在，跳过备份
2026-03-29 19:38:58,510 - WARNING - 游戏数据文件不存在
2026-03-29 19:38:58,511 - WARNING - 数据损坏，尝试恢复
2026-03-29 19:38:58,511 - ERROR - 恢复数据失败: [WinError 3] 系统找不到指定的路径。: 'game_data\\backups'
2026-03-29 19:38:58,513 - ERROR - 恢复初始数据失败: [Errno 2] No such file or directory: 'game_data\\game_data.json'
2026-03-29 19:39:58,514 - WARNING - 游戏数据文件不存在，跳过备份
2026-03-29 19:39:58,515 - WARNING - 游戏数据文件不存在
2026-03-29 19:39:58,516 - WARNING - 数据损坏，尝试恢复
2026-03-29 19:39:58,517 - ERROR - 恢复数据失败: [WinError 3] 系统找不到指定的路径。: 'game_data\\backups'
2026-03-29 19:39:58,520 - ERROR - 恢复初始数据失败: [Errno 2] No such file or directory: 'game_data\\game_data.json'
2026-03-29 19:40:58,521 - WARNING - 游戏数据文件不存在，跳过备份
2026-03-29 19:40:58,522 - WARNING - 游戏数据文件不存在
2026-03-29 19:40:58,522 - WARNING - 数据损坏，尝试恢复
2026-03-29 19:40:58,522 - ERROR - 恢复数据失败: [WinError 3] 系统找不到指定的路径。: 'game_data\\backups'
2026-03-29 19:40:58,523 - ERROR - 恢复初始数据失败: [Errno 2] No such file or directory: 'game_data\\game_data.json'
2026-03-29 19:41:58,524 - WARNING - 游戏数据文件不存在，跳过备份
2026-03-29 19:41:58,524 - WARNING - 游戏数据文件不存在
2026-03-29 19:41:58,525 - WARNING - 数据损坏，尝试恢复
2026-03-29 19:41:58,525 - ERROR - 恢复数据失败: [WinError 3] 系统找不到指定的路径。: 'game_data\\backups'
2026-03-29 19:41:58,526 - ERROR - 恢复初始数据失败: [Errno 2] No such file or directory: 'game_data\\game_data.json'
2026-03-29 19:42:58,526 - WARNING - 游戏数据文件不存在，跳过备份
2026-03-29 19:42:58,527 - WARNING - 游戏数据文件不存在
2026-03-29 19:42:58,528 - WARNING - 数据损坏，尝试恢复
2026-03-29 19:42:58,529 - ERROR - 恢复数据失败: [WinError 3] 系统找不到指定的路径。: 'game_data\\backups'
2026-03-29 19:42:58,529 - ERROR - 恢复初始数据失败: [Errno 2] No such file or directory: 'game_data\\game_data.json'
2026-03-29 19:43:58,531 - WARNING - 游戏数据文件不存在，跳过备份
2026-03-29 19:43:58,531 - WARNING - 游戏数据文件不存在
2026-03-29 19:43:58,531 - WARNING - 数据损坏，尝试恢复
2026-03-29 19:43:58,532 - ERROR - 恢复数据失败: [WinError 3] 系统找不到指定的路径。: 'game_data\\backups'
2026-03-29 19:43:58,533 - ERROR - 恢复初始数据失败: [Errno 2] No such file or directory: 'game_data\\game_data.json'
2026-03-29 19:44:58,534 - WARNING - 游戏数据文件不存在，跳过备份
2026-03-29 19:44:58,535 - WARNING - 游戏数据文件不存在
2026-03-29 19:44:58,535 - WARNING - 数据损坏，尝试恢复
2026-03-29 19:44:58,536 - ERROR - 恢复数据失败: [WinError 3] 系统找不到指定的路径。: 'game_data\\backups'
2026-03-29 19:44:58,537 - ERROR - 恢复初始数据失败: [Errno 2] No such file or directory: 'game_data\\game_data.json'
2026-03-29 19:45:58,538 - WARNING - 游戏数据文件不存在，跳过备份
2026-03-29 19:45:58,541 - WARNING - 游戏数据文件不存在
2026-03-29 19:45:58,543 - WARNING - 数据损坏，尝试恢复
2026-03-29 19:45:58,547 - ERROR - 恢复数据失败: [WinError 3] 系统找不到指定的路径。: 'game_data\\backups'
2026-03-29 19:45:58,550 - ERROR - 恢复初始数据失败: [Errno 2] No such file or directory: 'game_data\\game_data.json'
2026-03-29 19:46:58,551 - WARNING - 游戏数据文件不存在，跳过备份
2026-03-29 19:46:58,552 - WARNING - 游戏数据文件不存在
2026-03-29 19:46:58,553 - WARNING - 数据损坏，尝试恢复
2026-03-29 19:46:58,553 - ERROR - 恢复数据失败: [WinError 3] 系统找不到指定的路径。: 'game_data\\backups'
2026-03-29 19:46:58,554 - ERROR - 恢复初始数据失败: [Errno 2] No such file or directory: 'game_data\\game_data.json'
2026-03-29 19:47:58,555 - WARNING - 游戏数据文件不存在，跳过备份
2026-03-29 19:47:58,556 - WARNING - 游戏数据文件不存在
2026-03-29 19:47:58,556 - WARNING - 数据损坏，尝试恢复
2026-03-29 19:47:58,557 - ERROR - 恢复数据失败: [WinError 3] 系统找不到指定的路径。: 'game_data\\backups'
2026-03-29 19:47:58,558 - ERROR - 恢复初始数据失败: [Errno 2] No such file or directory: 'game_data\\game_data.json'
2026-03-29 19:48:58,560 - WARNING - 游戏数据文件不存在，跳过备份
2026-03-29 19:48:58,563 - WARNING - 游戏数据文件不存在
2026-03-29 19:48:58,563 - WARNING - 数据损坏，尝试恢复
2026-03-29 19:48:58,564 - ERROR - 恢复数据失败: [WinError 3] 系统找不到指定的路径。: 'game_data\\backups'
2026-03-29 19:48:58,567 - ERROR - 恢复初始数据失败: [Errno 2] No such file or directory: 'game_data\\game_data.json'
2026-03-29 19:49:58,568 - WARNING - 游戏数据文件不存在，跳过备份
2026-03-29 19:49:58,570 - WARNING - 游戏数据文件不存在
2026-03-29 19:49:58,570 - WARNING - 数据损坏，尝试恢复
2026-03-29 19:49:58,572 - ERROR - 恢复数据失败: [WinError 3] 系统找不到指定的路径。: 'game_data\\backups'
2026-03-29 19:49:58,573 - ERROR - 恢复初始数据失败: [Errno 2] No such file or directory: 'game_data\\game_data.json'
2026-03-29 19:50:58,575 - WARNING - 游戏数据文件不存在，跳过备份
2026-03-29 19:50:58,578 - WARNING - 游戏数据文件不存在
2026-03-29 19:50:58,580 - WARNING - 数据损坏，尝试恢复
2026-03-29 19:50:58,586 - ERROR - 恢复数据失败: [WinError 3] 系统找不到指定的路径。: 'game_data\\backups'
2026-03-29 19:50:58,592 - ERROR - 恢复初始数据失败: [Errno 2] No such file or directory: 'game_data\\game_data.json'
2026-03-29 19:51:58,599 - WARNING - 游戏数据文件不存在，跳过备份
2026-03-29 19:51:58,600 - WARNING - 游戏数据文件不存在
2026-03-29 19:51:58,600 - WARNING - 数据损坏，尝试恢复
2026-03-29 19:51:58,601 - ERROR - 恢复数据失败: [WinError 3] 系统找不到指定的路径。: 'game_data\\backups'
2026-03-29 19:51:58,604 - ERROR - 恢复初始数据失败: [Errno 2] No such file or directory: 'game_data\\game_data.json'
2026-03-29 19:52:58,607 - WARNING - 游戏数据文件不存在，跳过备份
2026-03-29 19:52:58,608 - WARNING - 游戏数据文件不存在
2026-03-29 19:52:58,609 - WARNING - 数据损坏，尝试恢复
2026-03-29 19:52:58,610 - ERROR - 恢复数据失败: [WinError 3] 系统找不到指定的路径。: 'game_data\\backups'
2026-03-29 19:52:58,611 - ERROR - 恢复初始数据失败: [Errno 2] No such file or directory: 'game_data\\game_data.json'
2026-03-29 19:53:58,613 - WARNING - 游戏数据文件不存在，跳过备份
2026-03-29 19:53:58,614 - WARNING - 游戏数据文件不存在
2026-03-29 19:53:58,616 - WARNING - 数据损坏，尝试恢复
2026-03-29 19:53:58,617 - ERROR - 恢复数据失败: [WinError 3] 系统找不到指定的路径。: 'game_data\\backups'
2026-03-29 19:53:58,621 - ERROR - 恢复初始数据失败: [Errno 2] No such file or directory: 'game_data\\game_data.json'
2026-03-29 19:54:58,623 - WARNING - 游戏数据文件不存在，跳过备份
2026-03-29 19:54:58,624 - WARNING - 游戏数据文件不存在
2026-03-29 19:54:58,625 - WARNING - 数据损坏，尝试恢复
2026-03-29 19:54:58,627 - ERROR - 恢复数据失败: [WinError 3] 系统找不到指定的路径。: 'game_data\\backups'
2026-03-29 19:54:58,629 - ERROR - 恢复初始数据失败: [Errno 2] No such file or directory: 'game_data\\game_data.json'
2026-03-29 19:55:58,637 - WARNING - 游戏数据文件不存在，跳过备份
2026-03-29 19:55:58,641 - WARNING - 游戏数据文件不存在
2026-03-29 19:55:58,643 - WARNING - 数据损坏，尝试恢复
2026-03-29 19:55:58,650 - ERROR - 恢复数据失败: [WinError 3] 系统找不到指定的路径。: 'game_data\\backups'
2026-03-29 19:55:58,664 - ERROR - 恢复初始数据失败: [Errno 2] No such file or directory: 'game_data\\game_data.json'
2026-03-29 19:56:58,674 - WARNING - 游戏数据文件不存在，跳过备份
2026-03-29 19:56:58,676 - WARNING - 游戏数据文件不存在
2026-03-29 19:56:58,677 - WARNING - 数据损坏，尝试恢复
2026-03-29 19:56:58,677 - ERROR - 恢复数据失败: [WinError 3] 系统找不到指定的路径。: 'game_data\\backups'
2026-03-29 19:56:58,680 - ERROR - 恢复初始数据失败: [Errno 2] No such file or directory: 'game_data\\game_data.json'
2026-03-29 19:57:58,681 - WARNING - 游戏数据文件不存在，跳过备份
2026-03-29 19:57:58,682 - WARNING - 游戏数据文件不存在
2026-03-29 19:57:58,683 - WARNING - 数据损坏，尝试恢复
2026-03-29 19:57:58,684 - ERROR - 恢复数据失败: [WinError 3] 系统找不到指定的路径。: 'game_data\\backups'
2026-03-29 19:57:58,686 - ERROR - 恢复初始数据失败: [Errno 2] No such file or directory: 'game_data\\game_data.json'
2026-03-29 19:58:58,688 - WARNING - 游戏数据文件不存在，跳过备份
2026-03-29 19:58:58,689 - WARNING - 游戏数据文件不存在
2026-03-29 19:58:58,689 - WARNING - 数据损坏，尝试恢复
2026-03-29 19:58:58,691 - ERROR - 恢复数据失败: [WinError 3] 系统找不到指定的路径。: 'game_data\\backups'
2026-03-29 19:58:58,693 - ERROR - 恢复初始数据失败: [Errno 2] No such file or directory: 'game_data\\game_data.json'
2026-03-29 19:59:58,695 - WARNING - 游戏数据文件不存在，跳过备份
2026-03-29 19:59:58,696 - WARNING - 游戏数据文件不存在
2026-03-29 19:59:58,697 - WARNING - 数据损坏，尝试恢复
2026-03-29 19:59:58,700 - ERROR - 恢复数据失败: [WinError 3] 系统找不到指定的路径。: 'game_data\\backups'
2026-03-29 19:59:58,701 - ERROR - 恢复初始数据失败: [Errno 2] No such file or directory: 'game_data\\game_data.json'
2026-03-29 20:00:58,704 - WARNING - 游戏数据文件不存在，跳过备份
2026-03-29 20:00:58,706 - WARNING - 游戏数据文件不存在
2026-03-29 20:00:58,707 - WARNING - 数据损坏，尝试恢复
2026-03-29 20:00:58,708 - ERROR - 恢复数据失败: [WinError 3] 系统找不到指定的路径。: 'game_data\\backups'
2026-03-29 20:00:58,711 - ERROR - 恢复初始数据失败: [Errno 2] No such file or directory: 'game_data\\game_data.json'
2026-03-29 20:01:58,712 - WARNING - 游戏数据文件不存在，跳过备份
2026-03-29 20:01:58,713 - WARNING - 游戏数据文件不存在
2026-03-29 20:01:58,713 - WARNING - 数据损坏，尝试恢复
2026-03-29 20:01:58,715 - ERROR - 恢复数据失败: [WinError 3] 系统找不到指定的路径。: 'game_data\\backups'
2026-03-29 20:01:58,718 - ERROR - 恢复初始数据失败: [Errno 2] No such file or directory: 'game_data\\game_data.json'
2026-03-29 20:02:58,719 - WARNING - 游戏数据文件不存在，跳过备份
2026-03-29 20:02:58,721 - WARNING - 游戏数据文件不存在
2026-03-29 20:02:58,722 - WARNING - 数据损坏，尝试恢复
2026-03-29 20:02:58,723 - ERROR - 恢复数据失败: [WinError 3] 系统找不到指定的路径。: 'game_data\\backups'
2026-03-29 20:02:58,726 - ERROR - 恢复初始数据失败: [Errno 2] No such file or directory: 'game_data\\game_data.json'
2026-03-29 20:03:58,727 - WARNING - 游戏数据文件不存在，跳过备份
2026-03-29 20:03:58,728 - WARNING - 游戏数据文件不存在
2026-03-29 20:03:58,729 - WARNING - 数据损坏，尝试恢复
2026-03-29 20:03:58,730 - ERROR - 恢复数据失败: [WinError 3] 系统找不到指定的路径。: 'game_data\\backups'
2026-03-29 20:03:58,732 - ERROR - 恢复初始数据失败: [Errno 2] No such file or directory: 'game_data\\game_data.json'
2026-03-29 20:04:58,734 - WARNING - 游戏数据文件不存在，跳过备份
2026-03-29 20:04:58,735 - WARNING - 游戏数据文件不存在
2026-03-29 20:04:58,735 - WARNING - 数据损坏，尝试恢复
2026-03-29 20:04:58,736 - ERROR - 恢复数据失败: [WinError 3] 系统找不到指定的路径。: 'game_data\\backups'
2026-03-29 20:04:58,738 - ERROR - 恢复初始数据失败: [Errno 2] No such file or directory: 'game_data\\game_data.json'
2026-03-29 20:05:58,739 - WARNING - 游戏数据文件不存在，跳过备份
2026-03-29 20:05:58,740 - WARNING - 游戏数据文件不存在
2026-03-29 20:05:58,742 - WARNING - 数据损坏，尝试恢复
2026-03-29 20:05:58,743 - ERROR - 恢复数据失败: [WinError 3] 系统找不到指定的路径。: 'game_data\\backups'
2026-03-29 20:05:58,745 - ERROR - 恢复初始数据失败: [Errno 2] No such file or directory: 'game_data\\game_data.json'
2026-03-29 20:06:58,747 - WARNING - 游戏数据文件不存在，跳过备份
2026-03-29 20:06:58,748 - WARNING - 游戏数据文件不存在
2026-03-29 20:06:58,749 - WARNING - 数据损坏，尝试恢复
2026-03-29 20:06:58,751 - ERROR - 恢复数据失败: [WinError 3] 系统找不到指定的路径。: 'game_data\\backups'
2026-03-29 20:06:58,753 - ERROR - 恢复初始数据失败: [Errno 2] No such file or directory: 'game_data\\game_data.json'
2026-03-29 20:07:58,756 - WARNING - 游戏数据文件不存在，跳过备份
2026-03-29 20:07:58,758 - WARNING - 游戏数据文件不存在
2026-03-29 20:07:58,759 - WARNING - 数据损坏，尝试恢复
2026-03-29 20:07:58,761 - ERROR - 恢复数据失败: [WinError 3] 系统找不到指定的路径。: 'game_data\\backups'
2026-03-29 20:07:58,763 - ERROR - 恢复初始数据失败: [Errno 2] No such file or directory: 'game_data\\game_data.json'
2026-03-29 20:08:58,764 - WARNING - 游戏数据文件不存在，跳过备份
2026-03-29 20:08:58,765 - WARNING - 游戏数据文件不存在
2026-03-29 20:08:58,766 - WARNING - 数据损坏，尝试恢复
2026-03-29 20:08:58,768 - ERROR - 恢复数据失败: [WinError 3] 系统找不到指定的路径。: 'game_data\\backups'
2026-03-29 20:08:58,771 - ERROR - 恢复初始数据失败: [Errno 2] No such file or directory: 'game_data\\game_data.json'
2026-03-29 20:09:58,775 - WARNING - 游戏数据文件不存在，跳过备份
2026-03-29 20:09:58,778 - WARNING - 游戏数据文件不存在
2026-03-29 20:09:58,779 - WARNING - 数据损坏，尝试恢复
2026-03-29 20:09:58,780 - ERROR - 恢复数据失败: [WinError 3] 系统找不到指定的路径。: 'game_data\\backups'
2026-03-29 20:09:58,786 - ERROR - 恢复初始数据失败: [Errno 2] No such file or directory: 'game_data\\game_data.json'
2026-03-29 20:10:58,788 - WARNING - 游戏数据文件不存在，跳过备份
2026-03-29 20:10:58,789 - WARNING - 游戏数据文件不存在
2026-03-29 20:10:58,789 - WARNING - 数据损坏，尝试恢复
2026-03-29 20:10:58,790 - ERROR - 恢复数据失败: [WinError 3] 系统找不到指定的路径。: 'game_data\\backups'
2026-03-29 20:10:58,791 - ERROR - 恢复初始数据失败: [Errno 2] No such file or directory: 'game_data\\game_data.json'
2026-03-29 20:11:58,793 - WARNING - 游戏数据文件不存在，跳过备份
2026-03-29 20:11:58,794 - WARNING - 游戏数据文件不存在
2026-03-29 20:11:58,795 - WARNING - 数据损坏，尝试恢复
2026-03-29 20:11:58,796 - ERROR - 恢复数据失败: [WinError 3] 系统找不到指定的路径。: 'game_data\\backups'
2026-03-29 20:11:58,800 - ERROR - 恢复初始数据失败: [Errno 2] No such file or directory: 'game_data\\game_data.json'
2026-03-29 20:12:58,812 - WARNING - 游戏数据文件不存在，跳过备份
2026-03-29 20:12:58,831 - WARNING - 游戏数据文件不存在
2026-03-29 20:12:58,845 - WARNING - 数据损坏，尝试恢复
2026-03-29 20:12:58,869 - ERROR - 恢复数据失败: [WinError 3] 系统找不到指定的路径。: 'game_data\\backups'
2026-03-29 20:12:58,893 - ERROR - 恢复初始数据失败: [Errno 2] No such file or directory: 'game_data\\game_data.json'
2026-03-29 20:13:58,913 - WARNING - 游戏数据文件不存在，跳过备份
2026-03-29 20:13:58,917 - WARNING - 游戏数据文件不存在
2026-03-29 20:13:58,918 - WARNING - 数据损坏，尝试恢复
2026-03-29 20:13:58,919 - ERROR - 恢复数据失败: [WinError 3] 系统找不到指定的路径。: 'game_data\\backups'
2026-03-29 20:13:58,922 - ERROR - 恢复初始数据失败: [Errno 2] No such file or directory: 'game_data\\game_data.json'
2026-03-29 20:14:58,924 - WARNING - 游戏数据文件不存在，跳过备份
2026-03-29 20:14:58,925 - WARNING - 游戏数据文件不存在
2026-03-29 20:14:58,925 - WARNING - 数据损坏，尝试恢复
2026-03-29 20:14:58,926 - ERROR - 恢复数据失败: [WinError 3] 系统找不到指定的路径。: 'game_data\\backups'
2026-03-29 20:14:58,929 - ERROR - 恢复初始数据失败: [Errno 2] No such file or directory: 'game_data\\game_data.json'
2026-03-29 20:15:58,955 - WARNING - 游戏数据文件不存在，跳过备份
2026-03-29 20:15:58,977 - WARNING - 游戏数据文件不存在
2026-03-29 20:15:58,986 - WARNING - 数据损坏，尝试恢复
2026-03-29 20:15:58,997 - ERROR - 恢复数据失败: [WinError 3] 系统找不到指定的路径。: 'game_data\\backups'
2026-03-29 20:15:59,010 - ERROR - 恢复初始数据失败: [Errno 2] No such file or directory: 'game_data\\game_data.json'
2026-03-29 20:16:59,021 - WARNING - 游戏数据文件不存在，跳过备份
2026-03-29 20:16:59,021 - WARNING - 游戏数据文件不存在
2026-03-29 20:16:59,022 - WARNING - 数据损坏，尝试恢复
2026-03-29 20:16:59,024 - ERROR - 恢复数据失败: [WinError 3] 系统找不到指定的路径。: 'game_data\\backups'
2026-03-29 20:16:59,028 - ERROR - 恢复初始数据失败: [Errno 2] No such file or directory: 'game_data\\game_data.json'
2026-03-29 20:17:59,033 - WARNING - 游戏数据文件不存在，跳过备份
2026-03-29 20:17:59,033 - WARNING - 游戏数据文件不存在
2026-03-29 20:17:59,033 - WARNING - 数据损坏，尝试恢复
2026-03-29 20:17:59,034 - ERROR - 恢复数据失败: [WinError 3] 系统找不到指定的路径。: 'game_data\\backups'
2026-03-29 20:17:59,035 - ERROR - 恢复初始数据失败: [Errno 2] No such file or directory: 'game_data\\game_data.json'
2026-03-29 20:18:59,037 - ERROR - 创建备份失败: [WinError 3] 系统找不到指定的路径。
2026-03-29 20:18:59,039 - ERROR - 数据格式错误: Expecting value: line 1 column 1 (char 0)
2026-03-29 20:18:59,039 - WARNING - 数据损坏，尝试恢复
2026-03-29 20:18:59,040 - ERROR - 恢复数据失败: [WinError 3] 系统找不到指定的路径。: 'game_data\\backups'
2026-03-29 20:18:59,043 - INFO - 恢复到初始数据
2026-03-29 20:19:59,043 - WARNING - 游戏数据文件不存在，跳过备份
2026-03-29 20:19:59,044 - WARNING - 游戏数据文件不存在
2026-03-29 20:19:59,045 - WARNING - 数据损坏，尝试恢复
2026-03-29 20:19:59,047 - ERROR - 恢复数据失败: [WinError 3] 系统找不到指定的路径。: 'game_data\\backups'
2026-03-29 20:19:59,050 - ERROR - 恢复初始数据失败: [Errno 2] No such file or directory: 'game_data\\game_data.json'
2026-03-29 20:20:59,052 - WARNING - 游戏数据文件不存在，跳过备份
2026-03-29 20:20:59,054 - WARNING - 游戏数据文件不存在
2026-03-29 20:20:59,055 - WARNING - 数据损坏，尝试恢复
2026-03-29 20:20:59,056 - ERROR - 恢复数据失败: [WinError 3] 系统找不到指定的路径。: 'game_data\\backups'
2026-03-29 20:20:59,059 - ERROR - 恢复初始数据失败: [Errno 2] No such file or directory: 'game_data\\game_data.json'
2026-03-29 20:21:59,060 - WARNING - 游戏数据文件不存在，跳过备份
2026-03-29 20:21:59,062 - WARNING - 游戏数据文件不存在
2026-03-29 20:21:59,063 - WARNING - 数据损坏，尝试恢复
2026-03-29 20:21:59,065 - ERROR - 恢复数据失败: [WinError 3] 系统找不到指定的路径。: 'game_data\\backups'
2026-03-29 20:21:59,067 - ERROR - 恢复初始数据失败: [Errno 2] No such file or directory: 'game_data\\game_data.json'
2026-03-29 20:22:59,069 - WARNING - 游戏数据文件不存在，跳过备份
2026-03-29 20:22:59,072 - WARNING - 游戏数据文件不存在
2026-03-29 20:22:59,073 - WARNING - 数据损坏，尝试恢复
2026-03-29 20:22:59,075 - ERROR - 恢复数据失败: [WinError 3] 系统找不到指定的路径。: 'game_data\\backups'
2026-03-29 20:22:59,077 - ERROR - 恢复初始数据失败: [Errno 2] No such file or directory: 'game_data\\game_data.json'
2026-03-29 20:23:59,089 - WARNING - 游戏数据文件不存在，跳过备份
2026-03-29 20:23:59,108 - WARNING - 游戏数据文件不存在
2026-03-29 20:23:59,136 - WARNING - 数据损坏，尝试恢复
2026-03-29 20:23:59,176 - ERROR - 恢复数据失败: [WinError 3] 系统找不到指定的路径。: 'game_data\\backups'
2026-03-29 20:23:59,242 - ERROR - 恢复初始数据失败: [Errno 2] No such file or directory: 'game_data\\game_data.json'
2026-03-29 20:24:59,271 - WARNING - 游戏数据文件不存在，跳过备份
2026-03-29 20:24:59,276 - WARNING - 游戏数据文件不存在
2026-03-29 20:24:59,283 - WARNING - 数据损坏，尝试恢复
2026-03-29 20:24:59,385 - ERROR - 恢复数据失败: [WinError 3] 系统找不到指定的路径。: 'game_data\\backups'
2026-03-29 20:24:59,439 - ERROR - 恢复初始数据失败: [Errno 2] No such file or directory: 'game_data\\game_data.json'
2026-03-29 20:25:59,470 - WARNING - 游戏数据文件不存在，跳过备份
2026-03-29 20:25:59,471 - WARNING - 游戏数据文件不存在
2026-03-29 20:25:59,472 - WARNING - 数据损坏，尝试恢复
2026-03-29 20:25:59,473 - ERROR - 恢复数据失败: [WinError 3] 系统找不到指定的路径。: 'game_data\\backups'
2026-03-29 20:25:59,474 - ERROR - 恢复初始数据失败: [Errno 2] No such file or directory: 'game_data\\game_data.json'
2026-03-29 20:26:59,478 - WARNING - 游戏数据文件不存在，跳过备份
2026-03-29 20:26:59,478 - WARNING - 游戏数据文件不存在
2026-03-29 20:26:59,479 - WARNING - 数据损坏，尝试恢复
2026-03-29 20:26:59,479 - ERROR - 恢复数据失败: [WinError 3] 系统找不到指定的路径。: 'game_data\\backups'
2026-03-29 20:26:59,480 - ERROR - 恢复初始数据失败: [Errno 2] No such file or directory: 'game_data\\game_data.json'
2026-03-29 20:27:59,482 - WARNING - 游戏数据文件不存在，跳过备份
2026-03-29 20:27:59,482 - WARNING - 游戏数据文件不存在
2026-03-29 20:27:59,482 - WARNING - 数据损坏，尝试恢复
2026-03-29 20:27:59,483 - ERROR - 恢复数据失败: [WinError 3] 系统找不到指定的路径。: 'game_data\\backups'
2026-03-29 20:27:59,484 - ERROR - 恢复初始数据失败: [Errno 2] No such file or directory: 'game_data\\game_data.json'
2026-03-29 20:28:59,485 - WARNING - 游戏数据文件不存在，跳过备份
2026-03-29 20:28:59,485 - WARNING - 游戏数据文件不存在
2026-03-29 20:28:59,485 - WARNING - 数据损坏，尝试恢复
2026-03-29 20:28:59,485 - ERROR - 恢复数据失败: [WinError 3] 系统找不到指定的路径。: 'game_data\\backups'
2026-03-29 20:28:59,486 - ERROR - 恢复初始数据失败: [Errno 2] No such file or directory: 'game_data\\game_data.json'
2026-03-29 20:29:59,487 - WARNING - 游戏数据文件不存在，跳过备份
2026-03-29 20:29:59,488 - WARNING - 游戏数据文件不存在
2026-03-29 20:29:59,489 - WARNING - 数据损坏，尝试恢复
2026-03-29 20:29:59,490 - ERROR - 恢复数据失败: [WinError 3] 系统找不到指定的路径。: 'game_data\\backups'
2026-03-29 20:29:59,492 - ERROR - 恢复初始数据失败: [Errno 2] No such file or directory: 'game_data\\game_data.json'
2026-03-29 20:30:59,494 - WARNING - 游戏数据文件不存在，跳过备份
2026-03-29 20:30:59,497 - WARNING - 游戏数据文件不存在
2026-03-29 20:30:59,499 - WARNING - 数据损坏，尝试恢复
2026-03-29 20:30:59,501 - ERROR - 恢复数据失败: [WinError 3] 系统找不到指定的路径。: 'game_data\\backups'
2026-03-29 20:30:59,503 - ERROR - 恢复初始数据失败: [Errno 2] No such file or directory: 'game_data\\game_data.json'
2026-03-29 20:31:59,504 - WARNING - 游戏数据文件不存在，跳过备份
2026-03-29 20:31:59,504 - WARNING - 游戏数据文件不存在
2026-03-29 20:31:59,504 - WARNING - 数据损坏，尝试恢复
2026-03-29 20:31:59,505 - ERROR - 恢复数据失败: [WinError 3] 系统找不到指定的路径。: 'game_data\\backups'
2026-03-29 20:31:59,505 - ERROR - 恢复初始数据失败: [Errno 2] No such file or directory: 'game_data\\game_data.json'
2026-03-29 20:32:59,506 - WARNING - 游戏数据文件不存在，跳过备份
2026-03-29 20:32:59,507 - WARNING - 游戏数据文件不存在
2026-03-29 20:32:59,507 - WARNING - 数据损坏，尝试恢复
2026-03-29 20:32:59,508 - ERROR - 恢复数据失败: [WinError 3] 系统找不到指定的路径。: 'game_data\\backups'
2026-03-29 20:32:59,508 - ERROR - 恢复初始数据失败: [Errno 2] No such file or directory: 'game_data\\game_data.json'
2026-03-29 20:33:59,509 - WARNING - 游戏数据文件不存在，跳过备份
2026-03-29 20:33:59,509 - WARNING - 游戏数据文件不存在
2026-03-29 20:33:59,510 - WARNING - 数据损坏，尝试恢复
2026-03-29 20:33:59,510 - ERROR - 恢复数据失败: [WinError 3] 系统找不到指定的路径。: 'game_data\\backups'
2026-03-29 20:33:59,511 - ERROR - 恢复初始数据失败: [Errno 2] No such file or directory: 'game_data\\game_data.json'
